# JRE version: OpenJDK Runtime Environment Temurin-17.0.6+10 (17.0.6+10) (build 17.0.6+10)
# Java VM: OpenJDK 64-Bit Server VM Temurin-17.0.6+10 (17.0.6+10, mixed mode, emulated-client, tiered, compressed oops, compressed class ptrs, g1 gc, windows-amd64)
GC Precious Log:
 CPUs: 8 total, 8 available
 Memory: 16254M
 Large Page Support: Disabled
 NUMA Support: Disabled
 Compressed Oops: Enabled (Zero based)
 Heap Region Size: 2M
 Heap Min Capacity: 8M
 Heap Initial Capacity: 254M
 Heap Max Capacity: 4064M
 Pre-touch: Disabled
 Parallel Workers: 8
 Concurrent Workers: 2
 Concurrent Refinement Workers: 8
 Periodic GC: Disabled
Heap:
 garbage-first heap   total 81920K, used 65858K [0x0000000702000000, 0x0000000800000000)
  region size 2048K, 17 young (34816K), 1 survivors (2048K)
 Metaspace       used 74850K, committed 75584K, reserved 1114112K
  class space    used 10302K, committed 10624K, reserved 1048576K
GC Heap History (20 events):
Event: 4624.339 GC heap after
{Heap after GC invocations=36 (full 1):
 garbage-first heap   total 81920K, used 32821K [0x0000000702000000, 0x0000000800000000)
  region size 2048K, 2 young (4096K), 2 survivors (4096K)
 Metaspace       used 74118K, committed 74816K, reserved 1114112K
  class space    used 10212K, committed 10496K, reserved 1048576K
}
Event: 4957.156 GC heap before
{Heap before GC invocations=36 (full 1):
 garbage-first heap   total 81920K, used 65589K [0x0000000702000000, 0x0000000800000000)
  region size 2048K, 18 young (36864K), 2 survivors (4096K)
 Metaspace       used 74217K, committed 74880K, reserved 1114112K
  class space    used 10229K, committed 10496K, reserved 1048576K
}
Event: 4957.160 GC heap after
{Heap after GC invocations=37 (full 1):
 garbage-first heap   total 81920K, used 33172K [0x0000000702000000, 0x0000000800000000)
  region size 2048K, 2 young (4096K), 2 survivors (4096K)
 Metaspace       used 74217K, committed 74880K, reserved 1114112K
  class space    used 10229K, committed 10496K, reserved 1048576K
}
Event: 5280.431 GC heap before
{Heap before GC invocations=37 (full 1):
 garbage-first heap   total 81920K, used 65940K [0x0000000702000000, 0x0000000800000000)
  region size 2048K, 18 young (36864K), 2 survivors (4096K)
 Metaspace       used 74255K, committed 74880K, reserved 1114112K
  class space    used 10236K, committed 10496K, reserved 1048576K
}
Event: 5280.435 GC heap after
{Heap after GC invocations=38 (full 1):
 garbage-first heap   total 81920K, used 33140K [0x0000000702000000, 0x0000000800000000)
  region size 2048K, 2 young (4096K), 2 survivors (4096K)
 Metaspace       used 74255K, committed 74880K, reserved 1114112K
  class space    used 10236K, committed 10496K, reserved 1048576K
}
Event: 5472.046 GC heap before
{Heap before GC invocations=38 (full 1):
 garbage-first heap   total 81920K, used 49524K [0x0000000702000000, 0x0000000800000000)
  region size 2048K, 11 young (22528K), 2 survivors (4096K)
 Metaspace       used 74258K, committed 74880K, reserved 1114112K
  class space    used 10236K, committed 10496K, reserved 1048576K
}
Event: 5472.089 GC heap after
{Heap after GC invocations=39 (full 2):
 garbage-first heap   total 81920K, used 23092K [0x0000000702000000, 0x0000000800000000)
  region size 2048K, 0 young (0K), 0 survivors (0K)
 Metaspace       used 73939K, committed 74880K, reserved 1114112K
  class space    used 10173K, committed 10496K, reserved 1048576K
}
Event: 5472.432 GC heap before
{Heap before GC invocations=39 (full 2):
 garbage-first heap   total 81920K, used 70196K [0x0000000702000000, 0x0000000800000000)
  region size 2048K, 23 young (47104K), 0 survivors (0K)
 Metaspace       used 74128K, committed 74880K, reserved 1114112K
  class space    used 10200K, committed 10496K, reserved 1048576K
}
Event: 5472.435 GC heap after
{Heap after GC invocations=40 (full 2):
 garbage-first heap   total 81920K, used 27938K [0x0000000702000000, 0x0000000800000000)
  region size 2048K, 3 young (6144K), 3 survivors (6144K)
 Metaspace       used 74128K, committed 74880K, reserved 1114112K
  class space    used 10200K, committed 10496K, reserved 1048576K
}
Event: 5472.615 GC heap before
{Heap before GC invocations=40 (full 2):
 garbage-first heap   total 81920K, used 64802K [0x0000000702000000, 0x0000000800000000)
  region size 2048K, 21 young (43008K), 3 survivors (6144K)
 Metaspace       used 74480K, committed 75072K, reserved 1114112K
  class space    used 10236K, committed 10496K, reserved 1048576K
}
Event: 5472.618 GC heap after
{Heap after GC invocations=41 (full 2):
 garbage-first heap   total 81920K, used 30109K [0x0000000702000000, 0x0000000800000000)
  region size 2048K, 2 young (4096K), 2 survivors (4096K)
 Metaspace       used 74480K, committed 75072K, reserved 1114112K
  class space    used 10236K, committed 10496K, reserved 1048576K
}
Event: 5472.760 GC heap before
{Heap before GC invocations=41 (full 2):
 garbage-first heap   total 81920K, used 62877K [0x0000000702000000, 0x0000000800000000)
  region size 2048K, 18 young (36864K), 2 survivors (4096K)
 Metaspace       used 74586K, committed 75200K, reserved 1114112K
  class space    used 10245K, committed 10496K, reserved 1048576K
}
Event: 5472.763 GC heap after
{Heap after GC invocations=42 (full 2):
 garbage-first heap   total 81920K, used 32438K [0x0000000702000000, 0x0000000800000000)
  region size 2048K, 3 young (6144K), 3 survivors (6144K)
 Metaspace       used 74586K, committed 75200K, reserved 1114112K
  class space    used 10245K, committed 10496K, reserved 1048576K
}
Event: 5703.361 GC heap before
{Heap before GC invocations=42 (full 2):
 garbage-first heap   total 81920K, used 63158K [0x0000000702000000, 0x0000000800000000)
  region size 2048K, 18 young (36864K), 3 survivors (6144K)
 Metaspace       used 74848K, committed 75584K, reserved 1114112K
  class space    used 10301K, committed 10624K, reserved 1048576K
}
Event: 5703.365 GC heap after
{Heap after GC invocations=43 (full 2):
 garbage-first heap   total 81920K, used 33561K [0x0000000702000000, 0x0000000800000000)
  region size 2048K, 2 young (4096K), 2 survivors (4096K)
 Metaspace       used 74848K, committed 75584K, reserved 1114112K
  class space    used 10301K, committed 10624K, reserved 1048576K
}
Event: 6053.408 GC heap before
{Heap before GC invocations=43 (full 2):
 garbage-first heap   total 81920K, used 64281K [0x0000000702000000, 0x0000000800000000)
  region size 2048K, 17 young (34816K), 2 survivors (4096K)
 Metaspace       used 74848K, committed 75584K, reserved 1114112K
  class space    used 10301K, committed 10624K, reserved 1048576K
}
Event: 6053.418 GC heap after
{Heap after GC invocations=44 (full 2):
 garbage-first heap   total 81920K, used 33342K [0x0000000702000000, 0x0000000800000000)
  region size 2048K, 1 young (2048K), 1 survivors (2048K)
 Metaspace       used 74848K, committed 75584K, reserved 1114112K
  class space    used 10301K, committed 10624K, reserved 1048576K
}
Event: 6402.659 GC heap before
{Heap before GC invocations=44 (full 2):
 garbage-first heap   total 81920K, used 64062K [0x0000000702000000, 0x0000000800000000)
  region size 2048K, 16 young (32768K), 1 survivors (2048K)
 Metaspace       used 74848K, committed 75584K, reserved 1114112K
  class space    used 10301K, committed 10624K, reserved 1048576K
}
Event: 6402.660 GC heap after
{Heap after GC invocations=45 (full 2):
 garbage-first heap   total 81920K, used 33090K [0x0000000702000000, 0x0000000800000000)
  region size 2048K, 1 young (2048K), 1 survivors (2048K)
 Metaspace       used 74848K, committed 75584K, reserved 1114112K
  class space    used 10301K, committed 10624K, reserved 1048576K
}
Event: 6755.631 GC heap before
{Heap before GC invocations=45 (full 2):
 garbage-first heap   total 81920K, used 63810K [0x0000000702000000, 0x0000000800000000)
  region size 2048K, 17 young (34816K), 1 survivors (2048K)
 Metaspace       used 74850K, committed 75584K, reserved 1114112K
  class space    used 10302K, committed 10624K, reserved 1048576K
}

